<?xml version="1.0" encoding="UTF-8"?>
<!-- Generated by org.testng.reporters.JUnitReportReporter -->
<testsuite hostname="DESKTOP-QQJINFP" failures="0" tests="1" name="NewTestCases.RunSauceDemoTest" time="3.969" errors="0" timestamp="2025-04-27T16:34:48 ART" skipped="0">
  <testcase classname="NewTestCases.RunSauceDemoTest" name="runScenario" time="3.969"/>
</testsuite> <!-- NewTestCases.RunSauceDemoTest -->
