<?xml version="1.0" encoding="UTF-8"?>
<!-- Generated by org.testng.reporters.JUnitReportReporter -->
<testsuite hostname="DESKTOP-QQJINFP" failures="0" tests="11" name="TestCases.StandardUser_PurchaseTest" time="62.098" errors="0" timestamp="2025-04-27T16:42:16 ART" skipped="0">
  <testcase classname="TestCases.StandardUser_PurchaseTest" name="logoutOnCartPageAndRedirectedToLoginPage" time="3.732"/>
  <testcase classname="TestCases.StandardUser_PurchaseTest" name="addItemsToCartAndLogoutAndReLoginCompletePurchase" time="10.123"/>
  <testcase classname="TestCases.StandardUser_PurchaseTest" name="logoutOnCheckoutStepTwoAndRedirectedToLoginPage" time="4.804"/>
  <testcase classname="TestCases.StandardUser_PurchaseTest" name="clickContinueShoppingOnCartPageAndAddItemsThenCompleteCheckout" time="6.877"/>
  <testcase classname="TestCases.StandardUser_PurchaseTest" name="cancelOnCheckoutStepOneAndRedirectedToCartPage" time="4.352"/>
  <testcase classname="TestCases.StandardUser_PurchaseTest" name="addItemsThenRemoveItemsFromCartPageAndCheckoutSuccessfully" time="4.434"/>
  <testcase classname="TestCases.StandardUser_PurchaseTest" name="addItemsToCartAndCheckoutSuccessfully" time="8.673"/>
  <testcase classname="TestCases.StandardUser_PurchaseTest" name="addAndRemoveItemsFromInventoryPageAndCheckoutSuccessfully" time="5.118"/>
  <testcase classname="TestCases.StandardUser_PurchaseTest" name="logoutOnInventoryPageAndRedirectedToLoginPage" time="3.403"/>
  <testcase classname="TestCases.StandardUser_PurchaseTest" name="logoutOnCheckoutStepOneAndRedirectedToLoginPage" time="4.341"/>
  <testcase classname="TestCases.StandardUser_PurchaseTest" name="clickBackHomeAfterCompleteCheckoutAndReturnToLoginPage" time="6.241"/>
</testsuite> <!-- TestCases.StandardUser_PurchaseTest -->
