<?xml version="1.0" encoding="UTF-8"?>
<!-- Generated by org.testng.reporters.JUnitReportReporter -->
<testsuite hostname="DESKTOP-QQJINFP" failures="0" tests="7" name="TestCases.LoginTest" time="33.680" errors="0" timestamp="2025-04-27T16:42:16 ART" skipped="0">
  <testcase classname="TestCases.LoginTest" name="enterLockedOutUsernameAndValidPassword" time="2.512"/>
  <testcase classname="TestCases.LoginTest" name="enterPerformanceGlitchUsernameAndValidPassword" time="8.774"/>
  <testcase classname="TestCases.LoginTest" name="enterProblemUsernameAndValidPassword" time="3.692"/>
  <testcase classname="TestCases.LoginTest" name="leaveUsernameAndPasswordEmpty" time="6.093"/>
  <testcase classname="TestCases.LoginTest" name="enterStandardUsernameAndValidPassword" time="4.766"/>
  <testcase classname="TestCases.LoginTest" name="enterInvalidUsernameAndAndInvalidPassword" time="3.396"/>
  <testcase classname="TestCases.LoginTest" name="enterValidUsernameAndLeavePasswordEmpty" time="4.447"/>
</testsuite> <!-- TestCases.LoginTest -->
